{"level":"info","message":"math format conversion app listening at http://:::8081","timestamp":"2016-10-11T17:31:01.284Z"}
{"level":"info","message":"id: 90","timestamp":"2016-10-11T17:31:33.140Z"}
{"level":"info","message":"id: undefined","timestamp":"2016-10-11T17:31:55.244Z"}
{"level":"info","message":"asciimath: ( y = x ^ 2 + 1 )","timestamp":"2016-10-11T17:31:55.247Z"}
{"level":"info","message":"id: undefined","timestamp":"2016-10-11T17:36:36.670Z"}
{"level":"info","message":"id: undefined","timestamp":"2016-10-11T17:37:13.843Z"}
{"level":"info","message":"id: undefined","timestamp":"2016-10-11T17:38:11.162Z"}
{"level":"info","message":"id: undefined","timestamp":"2016-10-11T19:58:42.921Z"}
{"level":"info","message":"asciimath: ( y = x ^ 2 + 1 )","timestamp":"2016-10-11T19:58:42.922Z"}
{"level":"info","message":"id: undefined","timestamp":"2016-10-11T20:24:05.608Z"}
{"level":"info","message":"math format conversion app listening at http://:::8081","timestamp":"2016-10-11T21:21:04.532Z"}
{"level":"info","message":"id: 90","timestamp":"2016-10-11T21:22:14.196Z"}
{"level":"info","message":"asciimath: ( y ( = sqrt ( x ^ 2 ( + 1 ) ) ) )","timestamp":"2016-10-11T21:22:14.202Z"}
{"level":"info","message":"id: undefined","timestamp":"2016-10-11T21:23:04.265Z"}
{"level":"info","message":"asciimath: ( y = x ^ 2 + 1 )","timestamp":"2016-10-11T21:23:04.270Z"}
{"level":"info","message":"id: undefined","timestamp":"2016-10-11T21:23:21.352Z"}
{"level":"info","message":"asciimath: ( y = sqrt ( x ^ 2 + 1 ) )","timestamp":"2016-10-11T21:23:21.353Z"}
{"level":"info","message":"id: undefined","timestamp":"2016-10-11T21:28:42.400Z"}
{"level":"info","message":"asciimath: ( y = sqrt ( x ^ 2 + 1 ) )","timestamp":"2016-10-11T21:28:42.406Z"}
Tue Oct 11 2016 17:58:35 GMT-0400 (EDT) - info: math format conversion app listening at http://:::8081
Tue Oct 11 2016 17:58:58 GMT-0400 (EDT) - info: id: undefined
Tue Oct 11 2016 17:58:58 GMT-0400 (EDT) - info: asciimath: ( y = sqrt ( x ^ 2 + 1 ) )
Tue Oct 11 2016 17:59:28 GMT-0400 (EDT) - info: id: undefined
Tue Oct 11 2016 17:59:28 GMT-0400 (EDT) - info: asciimath: ( x // y )
Tue Oct 11 2016 18:01:39 GMT-0400 (EDT) - info: id: 90
Tue Oct 11 2016 18:02:18 GMT-0400 (EDT) - info: id: 90
Tue Oct 11 2016 18:02:18 GMT-0400 (EDT) - info: asciimath: ( y ( = sqrt ( x ^ 2 ( + 1 ) ) ) )
Tue Oct 11 2016 18:54:07 GMT-0400 (EDT) - info: id: 90
Tue Oct 11 2016 18:54:07 GMT-0400 (EDT) - info: asciimath: ( y ( = sqrt ( x ^ 2 ( + 1 ) ) ) )
Wed Oct 12 2016 10:30:40 GMT-0400 (EDT) - info: math format conversion app listening at http://:::8083
Wed Oct 12 2016 10:31:24 GMT-0400 (EDT) - info: id: 90
Wed Oct 12 2016 10:31:25 GMT-0400 (EDT) - info: asciimath: ( y ( = sqrt ( x ^ 2 ( + 1 ) ) ) )
Wed Oct 12 2016 10:52:27 GMT-0400 (EDT) - info: math format conversion app listening at http://:::8083
Wed Oct 12 2016 10:54:43 GMT-0400 (EDT) - info: id: 90
Wed Oct 12 2016 10:54:43 GMT-0400 (EDT) - info: asciimath: x >= y
Wed Oct 12 2016 11:11:34 GMT-0400 (EDT) - info: math format conversion app listening at http://:::8083
Wed Oct 12 2016 11:11:56 GMT-0400 (EDT) - info: id: 90
Wed Oct 12 2016 11:11:56 GMT-0400 (EDT) - info: asciimath: x >= y
Wed Oct 12 2016 11:23:22 GMT-0400 (EDT) - info: math format conversion app listening at http://:::8083
Wed Oct 12 2016 11:24:12 GMT-0400 (EDT) - info: id: 90
Wed Oct 12 2016 11:24:12 GMT-0400 (EDT) - info: asciimath: x >= y
Wed Oct 12 2016 11:27:02 GMT-0400 (EDT) - info: id: 90
Wed Oct 12 2016 11:43:14 GMT-0400 (EDT) - info: math format conversion app listening at http://:::8083
Wed Oct 12 2016 11:43:22 GMT-0400 (EDT) - info: id: 90
Wed Oct 12 2016 11:44:12 GMT-0400 (EDT) - info: id: 90
Wed Oct 12 2016 11:44:12 GMT-0400 (EDT) - info: mathml: <math xmlns="http://www.w3.org/1998/Math/MathML"><semantics><mrow><mi>x</mi><mo>&gt;</mo><mi>y</mi></mrow><annotation encoding="TeX">x&gt;y</annotation></semantics></math>
Wed Oct 12 2016 12:16:19 GMT-0400 (EDT) - info: math format conversion app listening at http://:::8083
Wed Oct 12 2016 12:16:58 GMT-0400 (EDT) - info: id: 90
Wed Oct 12 2016 12:16:58 GMT-0400 (EDT) - info: mathml: <math xmlns="http://www.w3.org/1998/Math/MathML"><semantics><mrow><mi>x</mi><mo>&gt;</mo><mi>y</mi></mrow><annotation encoding="TeX">x&gt;y</annotation></semantics></math>
Wed Oct 12 2016 12:17:17 GMT-0400 (EDT) - info: id: 90
Wed Oct 12 2016 12:17:17 GMT-0400 (EDT) - info: asciimath: ( x > y )
Wed Oct 12 2016 12:17:17 GMT-0400 (EDT) - info: mathml: <math xmlns="http://www.w3.org/1998/Math/MathML"><semantics><mrow><mi>x</mi><mo>&gt;</mo><mi>y</mi></mrow><annotation encoding="TeX">x&gt;y</annotation></semantics></math>
Wed Oct 12 2016 13:05:50 GMT-0400 (EDT) - info: math format conversion app listening at http://:::8083
Wed Oct 12 2016 13:06:40 GMT-0400 (EDT) - info: id: 90
Wed Oct 12 2016 13:06:40 GMT-0400 (EDT) - info: asciimath: ( x >= y )
Wed Oct 12 2016 13:06:40 GMT-0400 (EDT) - info: mathml: <math xmlns="http://www.w3.org/1998/Math/MathML"><semantics><mrow><mi>x</mi><mo>≥</mo><mi>y</mi></mrow><annotation encoding="TeX">x \geq y</annotation></semantics></math>
Wed Oct 12 2016 13:38:18 GMT-0400 (EDT) - info: math format conversion app listening at http://:::8083
